<?xml version="1.0" encoding="UTF-8"?>
<!-- Generated by org.testng.reporters.JUnitXMLReporter -->
<testsuite ignored="0" hostname="Adesso-Bala" failures="0" tests="1" name="ChromeTest" time="2.462" errors="0" timestamp="2023-07-19T11:05:07 IST">
  <testcase classname="testRunners.MyRunner" name="@BeforeClass setUpCucumber" time="2.322">
    <failure type="java.lang.IllegalArgumentException" message="path must exist: C:\Users\91948\eclipse-workspace\TemplateSetup_2\src\test\resources\com\features\RishInsurer">
      <![CDATA[java.lang.IllegalArgumentException: path must exist: C:\Users\91948\eclipse-workspace\TemplateSetup_2\src\test\resources\com\features\RishInsurer
at io.cucumber.core.resource.PathScanner.findResourcesForPath(PathScanner.java:49)
at io.cucumber.core.resource.PathScanner.findResourcesForUri(PathScanner.java:31)
at io.cucumber.core.resource.ResourceScanner.findResourcesForUri(ResourceScanner.java:61)
at io.cucumber.core.resource.ResourceScanner.scanForResourcesUri(ResourceScanner.java:134)
at io.cucumber.core.runtime.FeaturePathFeatureSupplier.loadFeatures(FeaturePathFeatureSupplier.java:62)
at io.cucumber.core.runtime.FeaturePathFeatureSupplier.get(FeaturePathFeatureSupplier.java:45)
at io.cucumber.testng.TestNGCucumberRunner.<init>(TestNGCucumberRunner.java:125)
at io.cucumber.testng.TestNGCucumberRunner.<init>(TestNGCucumberRunner.java:66)
at testRunners.MyRunner.setUpCucumber(MyRunner.java:61)
at java.base/java.util.ArrayList.forEach(ArrayList.java:1511)
at java.base/java.util.concurrent.ThreadPoolExecutor.runWorker(ThreadPoolExecutor.java:1136)
at java.base/java.util.concurrent.ThreadPoolExecutor$Worker.run(ThreadPoolExecutor.java:635)
at java.base/java.lang.Thread.run(Thread.java:833)
... Removed 18 stack frames]]>
    </failure>
  </testcase> <!-- @BeforeClass setUpCucumber -->
  <testcase classname="testRunners.MyRunner" name="scenario" time="0.0">
    <skipped/>
  </testcase> <!-- scenario -->
</testsuite> <!-- ChromeTest -->
