<?xml version="1.0" encoding="UTF-8"?>
<testsuite xmlns:xsi="http://www.w3.org/2001/XMLSchema-instance" xsi:noNamespaceSchemaLocation="https://maven.apache.org/surefire/maven-surefire-plugin/xsd/surefire-test-report-3.0.xsd" version="3.0" name="TestSuite" time="19.897" tests="1" errors="0" skipped="0" failures="0">
  <properties>
[...]
</properties>
  <testcase name="scenario[&quot;Title of your scenario&quot;, &quot;Optional[Title of your feature]&quot;](1)" classname="testRunners.Runner1" time="14.175">
    <system-out><![CDATA[
Scenario: Title of your scenario                 &amp#27;[90m# src/test/resources/com/features/Medical/login.feature:4&amp#27;[0m
Element is not displayed By.xpath: //*[@id='mat-radio-2']//input
https://1careafrica-dev.syncierapps.com/Search
Element is not displayed By.cssSelector: .ok_button
  &amp#27;[32mGiven &amp#27;[0m&amp#27;[32mI want to write a step with precondition&amp#27;[0m &amp#27;[90m# stepDefinitions.LoginStepDefs.i_want_to_write_a_step_with_precondition()&amp#27;[0m
  &amp#27;[32mAnd &amp#27;[0m&amp#27;[32msome other precondition&amp#27;[0m                    &amp#27;[90m# stepDefinitions.LoginStepDefs.some_other_precondition()&amp#27;[0m
  &amp#27;[32mWhen &amp#27;[0m&amp#27;[32mI complete action&amp#27;[0m                         &amp#27;[90m# stepDefinitions.LoginStepDefs.i_complete_action()&amp#27;[0m
  &amp#27;[32mAnd &amp#27;[0m&amp#27;[32msome other action&amp#27;[0m                          &amp#27;[90m# stepDefinitions.LoginStepDefs.some_other_action()&amp#27;[0m
  &amp#27;[32mAnd &amp#27;[0m&amp#27;[32myet another action&amp#27;[0m                         &amp#27;[90m# stepDefinitions.LoginStepDefs.yet_another_action()&amp#27;[0m
  &amp#27;[32mThen &amp#27;[0m&amp#27;[32mI validate the outcomes&amp#27;[0m                   &amp#27;[90m# stepDefinitions.LoginStepDefs.i_validate_the_outcomes()&amp#27;[0m
  &amp#27;[32mAnd &amp#27;[0m&amp#27;[32mcheck more outcomes&amp#27;[0m                        &amp#27;[90m# stepDefinitions.LoginStepDefs.check_more_outcomes()&amp#27;[0m
]]></system-out>
    <system-err><![CDATA[Starting ChromeDriver 114.0.5735.90 (386bc09e8f4f2e025eddae123f36f6263096ae49-refs/branch-heads/5735@{#1052}) on port 45295
Only local connections are allowed.
Please see https://chromedriver.chromium.org/security-considerations for suggestions on keeping ChromeDriver safe.
ChromeDriver was started successfully.
Jul 20, 2023 12:39:36 PM org.openqa.selenium.remote.ProtocolHandshake createSession
INFO: Detected dialect: W3C
]]></system-err>
  </testcase>
</testsuite>