-------------------------------------------------------------------------------
Test set: TestSuite
-------------------------------------------------------------------------------
Tests run: 1, Failures: 1, Errors: 0, Skipped: 0, Time elapsed: 42.945 s <<< FAILURE! - in TestSuite
testRunners.Runner1.scenario["Title of your scenario", "Optional[Title of your feature]"](1)  Time elapsed: 39.321 s  <<< FAILURE!
java.lang.AssertionError: The homepage is not displayed expected [true] but found [false]

