<?xml version="1.0" encoding="UTF-8"?>
<testng-results skipped="0" failed="1" ignored="0" total="1" passed="0">
  <reporter-output>
  </reporter-output>
  <suite name="Suite" duration-ms="0" started-at="2023-07-20T13:35:00 IST" finished-at="2023-07-20T13:35:00 IST">
    <groups>
    </groups>
  </suite> <!-- Suite -->
  <suite name="Suite (0)" duration-ms="42502" started-at="2023-07-20T13:34:18 IST" finished-at="2023-07-20T13:35:00 IST">
    <groups>
      <group name="cucumber">
        <method signature="MyRunner.scenario(io.cucumber.testng.PickleWrapper,io.cucumber.testng.FeatureWrapper)[pri:0, instance:testRunners.Runner1@5204062d]" name="scenario" class="testRunners.MyRunner"/>
      </group> <!-- cucumber -->
    </groups>
    <test name="ChromeTest" duration-ms="42502" started-at="2023-07-20T13:34:18 IST" finished-at="2023-07-20T13:35:00 IST">
      <class name="testRunners.Runner1">
        <test-method status="PASS" signature="setUpCucumber(java.lang.String)[pri:0, instance:testRunners.Runner1@5204062d]" name="setUpCucumber" is-config="true" duration-ms="2499" started-at="2023-07-20T13:34:18 IST" finished-at="2023-07-20T13:34:20 IST">
          <params>
            <param index="0">
              <value>
                <![CDATA[chrome]]>
              </value>
            </param>
          </params>
          <reporter-output>
          </reporter-output>
        </test-method> <!-- setUpCucumber -->
        <test-method status="FAIL" signature="scenario(io.cucumber.testng.PickleWrapper,io.cucumber.testng.FeatureWrapper)[pri:0, instance:testRunners.Runner1@5204062d]" name="scenario" duration-ms="39333" started-at="2023-07-20T13:34:20 IST" description="Runs Cucumber Scenarios" data-provider="scenarios" finished-at="2023-07-20T13:35:00 IST">
          <params>
            <param index="0">
              <value>
                <![CDATA["Title of your scenario"]]>
              </value>
            </param>
            <param index="1">
              <value>
                <![CDATA["Optional[Title of your feature]"]]>
              </value>
            </param>
          </params>
          <exception class="java.lang.AssertionError">
            <message>
              <![CDATA[The homepage is not displayed expected [true] but found [false]]]>
            </message>
            <full-stacktrace>
              <![CDATA[java.lang.AssertionError: The homepage is not displayed expected [true] but found [false]
at org.testng.Assert.fail(Assert.java:99)
at org.testng.Assert.failNotEquals(Assert.java:1037)
at org.testng.Assert.assertTrue(Assert.java:45)
at stepDefinitions.LoginStepDefs.i_want_to_write_a_step_with_precondition(LoginStepDefs.java:20)
at ✽.I want to write a step with precondition(file:///C:/Users/91948/eclipse-workspace/TemplateSetup_2/src/test/resources/com/features/Medical/login.feature:5)
]]>
            </full-stacktrace>
          </exception> <!-- java.lang.AssertionError -->
          <reporter-output>
          </reporter-output>
        </test-method> <!-- scenario -->
        <test-method status="PASS" signature="tearDownClass()[pri:0, instance:testRunners.Runner1@5204062d]" name="tearDownClass" is-config="true" duration-ms="651" started-at="2023-07-20T13:35:00 IST" finished-at="2023-07-20T13:35:00 IST">
          <reporter-output>
          </reporter-output>
        </test-method> <!-- tearDownClass -->
        <test-method status="PASS" signature="TestCompletion()[pri:0, instance:testRunners.Runner1@5204062d]" name="TestCompletion" is-config="true" duration-ms="0" started-at="2023-07-20T13:35:00 IST" finished-at="2023-07-20T13:35:00 IST">
          <reporter-output>
          </reporter-output>
        </test-method> <!-- TestCompletion -->
      </class> <!-- testRunners.Runner1 -->
    </test> <!-- ChromeTest -->
  </suite> <!-- Suite (0) -->
</testng-results>
