<?xml version="1.0" encoding="UTF-8"?>
<!-- Generated by org.testng.reporters.JUnitXMLReporter -->
<testsuite hostname="Adesso-Bala" ignored="0" name="ChromeTest" tests="1" failures="1" timestamp="2023-07-20T13:35:00 IST" time="42.502" errors="0">
  <testcase name="scenario" time="39.333" classname="testRunners.MyRunner">
    <failure type="java.lang.AssertionError" message="The homepage is not displayed expected [true] but found [false]">
      <![CDATA[java.lang.AssertionError: The homepage is not displayed expected [true] but found [false]
at stepDefinitions.LoginStepDefs.i_want_to_write_a_step_with_precondition(LoginStepDefs.java:20)
at ✽.I want to write a step with precondition(file:///C:/Users/91948/eclipse-workspace/TemplateSetup_2/src/test/resources/com/features/Medical/login.feature:5)
... Removed 3 stack frames]]>
    </failure>
  </testcase> <!-- scenario -->
</testsuite> <!-- ChromeTest -->
