<?xml version="1.0" encoding="UTF-8"?>
<!-- Generated by org.testng.reporters.JUnitReportReporter -->
<testsuite skipped="0" hostname="Adesso-Bala" name="testRunners.Runner1" tests="1" failures="1" timestamp="2023-07-20T13:35:00 IST" time="39.333" errors="0">
  <testcase name="scenario" time="39.333" classname="testRunners.Runner1">
    <failure type="java.lang.AssertionError" message="The homepage is not displayed expected [true] but found [false]">
      <![CDATA[java.lang.AssertionError: The homepage is not displayed expected [true] but found [false]
at org.testng.Assert.fail(Assert.java:99)
at org.testng.Assert.failNotEquals(Assert.java:1037)
at org.testng.Assert.assertTrue(Assert.java:45)
at stepDefinitions.LoginStepDefs.i_want_to_write_a_step_with_precondition(LoginStepDefs.java:20)
at ✽.I want to write a step with precondition(file:///C:/Users/91948/eclipse-workspace/TemplateSetup_2/src/test/resources/com/features/Medical/login.feature:5)
]]>
    </failure>
  </testcase> <!-- scenario -->
  <system-out/>
</testsuite> <!-- testRunners.Runner1 -->
