<?xml version="1.0" encoding="UTF-8"?>
<!-- Generated by org.testng.reporters.JUnitReportReporter -->
<testsuite hostname="Adesso-Bala" failures="0" tests="1" name="testRunners.Runner1" time="3.896" errors="1" timestamp="2023-07-20T12:07:42 IST" skipped="0">
  <testcase classname="testRunners.Runner1" name="scenario" time="3.896">
    <error message="TODO: implement me" type="io.cucumber.java.PendingException">
      <![CDATA[io.cucumber.java.PendingException: TODO: implement me
at stepDefinitions.LoginStepDefs.some_other_precondition(LoginStepDefs.java:29)
at ✽.some other precondition(file:///C:/Users/91948/eclipse-workspace/TemplateSetup_2/src/test/resources/com/features/Medical/login.feature:6)
]]>
    </error>
  </testcase> <!-- scenario -->
  <system-out/>
</testsuite> <!-- testRunners.Runner1 -->
